<?xml version="1.0" encoding="UTF-8"?>
<testsuite xmlns:xsi="http://www.w3.org/2001/XMLSchema-instance" xsi:noNamespaceSchemaLocation="https://maven.apache.org/surefire/maven-surefire-plugin/xsd/surefire-test-report-3.0.xsd" version="3.0" name="com.example.karate.TestRunner" time="2.079" tests="4" errors="0" skipped="0" failures="0">
  <properties>
[...]
</properties>
  <testcase name="[1:9] Step 1 - Login with valid EGN format" classname="features/main-test-suite" time="0.379">
    <system-out><![CDATA[14:59:38,119 |-INFO in ch.qos.logback.classic.LoggerContext[default] - Could NOT find resource [logback-test.xml]
14:59:38,120 |-INFO in ch.qos.logback.classic.LoggerContext[default] - Found resource [logback.xml] at [file:/Users/teodorkalev/Desktop/karate/target/test-classes/logback.xml]
14:59:38,141 |-INFO in ch.qos.logback.classic.joran.action.ConfigurationAction - debug attribute not set
14:59:38,141 |-INFO in ch.qos.logback.core.joran.action.AppenderAction - About to instantiate appender of type [ch.qos.logback.core.ConsoleAppender]
14:59:38,143 |-INFO in ch.qos.logback.core.joran.action.AppenderAction - Naming appender as [STDOUT]
14:59:38,144 |-INFO in ch.qos.logback.core.joran.action.NestedComplexPropertyIA - Assuming default type [ch.qos.logback.classic.encoder.PatternLayoutEncoder] for [encoder] property
14:59:38,166 |-INFO in ch.qos.logback.core.joran.action.AppenderAction - About to instantiate appender of type [ch.qos.logback.core.rolling.RollingFileAppender]
14:59:38,167 |-INFO in ch.qos.logback.core.joran.action.AppenderAction - Naming appender as [FILE]
14:59:38,171 |-INFO in c.q.l.core.rolling.TimeBasedRollingPolicy@429075478 - No compression will be used
14:59:38,172 |-INFO in c.q.l.core.rolling.TimeBasedRollingPolicy@429075478 - Will use the pattern target/karate.%d{yyyy-MM-dd}.%i.log for the active file
14:59:38,172 |-INFO in ch.qos.logback.core.rolling.SizeAndTimeBasedFNATP@73eb439a - The date pattern is 'yyyy-MM-dd' from file name pattern 'target/karate.%d{yyyy-MM-dd}.%i.log'.
14:59:38,172 |-INFO in ch.qos.logback.core.rolling.SizeAndTimeBasedFNATP@73eb439a - Roll-over at midnight.
14:59:38,178 |-INFO in ch.qos.logback.core.rolling.SizeAndTimeBasedFNATP@73eb439a - Setting initial period to Mon Oct 06 14:58:19 EEST 2025
14:59:38,178 |-WARN in ch.qos.logback.core.rolling.SizeAndTimeBasedFNATP@73eb439a - SizeAndTimeBasedFNATP is deprecated. Use SizeAndTimeBasedRollingPolicy instead
14:59:38,178 |-WARN in ch.qos.logback.core.rolling.SizeAndTimeBasedFNATP@73eb439a - For more information see http://logback.qos.ch/manual/appenders.html#SizeAndTimeBasedRollingPolicy
14:59:38,179 |-INFO in ch.qos.logback.core.joran.action.NestedComplexPropertyIA - Assuming default type [ch.qos.logback.classic.encoder.PatternLayoutEncoder] for [encoder] property
14:59:38,179 |-INFO in ch.qos.logback.core.rolling.RollingFileAppender[FILE] - Active log file name: target/karate.log
14:59:38,179 |-INFO in ch.qos.logback.core.rolling.RollingFileAppender[FILE] - File property is set to [target/karate.log]
14:59:38,180 |-INFO in ch.qos.logback.classic.joran.action.LoggerAction - Setting level of logger [com.intuit] to INFO
14:59:38,180 |-INFO in ch.qos.logback.classic.joran.action.LoggerAction - Setting additivity of logger [com.intuit] to false
14:59:38,180 |-INFO in ch.qos.logback.core.joran.action.AppenderRefAction - Attaching appender named [STDOUT] to Logger[com.intuit]
14:59:38,180 |-INFO in ch.qos.logback.core.joran.action.AppenderRefAction - Attaching appender named [FILE] to Logger[com.intuit]
14:59:38,180 |-INFO in ch.qos.logback.classic.joran.action.RootLoggerAction - Setting level of ROOT logger to INFO
14:59:38,180 |-INFO in ch.qos.logback.core.joran.action.AppenderRefAction - Attaching appender named [STDOUT] to Logger[ROOT]
14:59:38,180 |-INFO in ch.qos.logback.core.joran.action.AppenderRefAction - Attaching appender named [FILE] to Logger[ROOT]
14:59:38,180 |-INFO in ch.qos.logback.classic.joran.action.ConfigurationAction - End of configuration.
14:59:38,180 |-INFO in ch.qos.logback.classic.joran.JoranConfigurator@514646ef - Registering current configuration as safe fallback point

14:59:38.231 [main] INFO  com.intuit.karate.Runner - using system property 'karate.options': --tags @main
14:59:38.855 [main] INFO  com.intuit.karate - karate.env system property was: null 
14:59:38.858 [main] INFO  com.intuit.karate - config: {
  "env": "dev",
  "baseUrl": "http://localhost:8082",
  "timeout": 5000,
  "testCredentials": {
    "validEgnOrEik": "9308149045",
    "validPassword": "9308149045",
    "invalidEgnOrEik": "123",
    "invalidPassword": "wrong"
  },
  "apiTimeout": 5000,
  "retryCount": 3,
  "retryInterval": 1000,
  "commonHeaders": {
    "Content-Type": "application/json",
    "Accept": "application/json",
    "User-Agent": "Karate-Test-Framework"
  }
}
 
]]></system-out>
  </testcase>
  <testcase name="[2:12] Step 2 - Login with invalid EGN length" classname="features/main-test-suite" time="0.125">
    <system-out><![CDATA[14:59:39.215 [main] INFO  com.intuit.karate - karate.env system property was: null 
14:59:39.216 [main] INFO  com.intuit.karate - config: {
  "env": "dev",
  "baseUrl": "http://localhost:8082",
  "timeout": 5000,
  "testCredentials": {
    "validEgnOrEik": "9308149045",
    "validPassword": "9308149045",
    "invalidEgnOrEik": "123",
    "invalidPassword": "wrong"
  },
  "apiTimeout": 5000,
  "retryCount": 3,
  "retryInterval": 1000,
  "commonHeaders": {
    "Content-Type": "application/json",
    "Accept": "application/json",
    "User-Agent": "Karate-Test-Framework"
  }
}
 
]]></system-out>
  </testcase>
  <testcase name="[3:15] Step 3 - Login with empty credentials" classname="features/main-test-suite" time="0.121">
    <system-out><![CDATA[14:59:39.338 [main] INFO  com.intuit.karate - karate.env system property was: null 
14:59:39.339 [main] INFO  com.intuit.karate - config: {
  "env": "dev",
  "baseUrl": "http://localhost:8082",
  "timeout": 5000,
  "testCredentials": {
    "validEgnOrEik": "9308149045",
    "validPassword": "9308149045",
    "invalidEgnOrEik": "123",
    "invalidPassword": "wrong"
  },
  "apiTimeout": 5000,
  "retryCount": 3,
  "retryInterval": 1000,
  "commonHeaders": {
    "Content-Type": "application/json",
    "Accept": "application/json",
    "User-Agent": "Karate-Test-Framework"
  }
}
 
]]></system-out>
  </testcase>
  <testcase name="[4:18] Step 4 - Login Once and Test All Protected Endpoints" classname="features/main-test-suite" time="0.713">
    <system-out><![CDATA[14:59:39.459 [main] INFO  com.intuit.karate - karate.env system property was: null 
14:59:39.459 [main] INFO  com.intuit.karate - config: {
  "env": "dev",
  "baseUrl": "http://localhost:8082",
  "timeout": 5000,
  "testCredentials": {
    "validEgnOrEik": "9308149045",
    "validPassword": "9308149045",
    "invalidEgnOrEik": "123",
    "invalidPassword": "wrong"
  },
  "apiTimeout": 5000,
  "retryCount": 3,
  "retryInterval": 1000,
  "commonHeaders": {
    "Content-Type": "application/json",
    "Accept": "application/json",
    "User-Agent": "Karate-Test-Framework"
  }
}
 
14:59:39.586 [main] INFO  com.intuit.karate - [print] Extracted Company IDs: [
  3,
  1,
  2,
  9,
  4,
  10,
  6,
  5,
  7,
  8
]
 
14:59:39.587 [main] INFO  com.intuit.karate - [print] Company Lookup Map: {
  "3": "Billa",
  "1": "Kaufland",
  "2": "Lidl",
  "9": "Tech Solutions Ltd",
  "4": "Test Company Ltd",
  "10": "asdsa",
  "6": "sadad",
  "5": "sadad",
  "7": "sadadasdsa",
  "8": "sadadasdsa"
}
 
14:59:39.626 [main] INFO  com.intuit.karate - [print] Validating data relationships between companies and products... 
14:59:39.639 [main] INFO  com.intuit.karate - [print] ✅ All product companyIds exist in companies list 
14:59:39.642 [main] INFO  com.intuit.karate - [print] ✅ All product companyNames match companies list 
14:59:39.643 [main] INFO  com.intuit.karate - [print] 🎉 Data relationship validation passed! 
14:59:39.664 [main] INFO  com.intuit.karate - [print] Extracted Company IDs: [
  3,
  1,
  2,
  9,
  4,
  10,
  6,
  5,
  7,
  8
]
 
14:59:39.665 [main] INFO  com.intuit.karate - [print] Company Lookup Map: {
  "3": "Billa",
  "1": "Kaufland",
  "2": "Lidl",
  "9": "Tech Solutions Ltd",
  "4": "Test Company Ltd",
  "10": "asdsa",
  "6": "sadad",
  "5": "sadad",
  "7": "sadadasdsa",
  "8": "sadadasdsa"
}
 
14:59:39.697 [main] INFO  com.intuit.karate - [print] Validating data relationships between companies and products... 
14:59:39.698 [main] INFO  com.intuit.karate - [print] ✅ All product companyIds exist in companies list 
14:59:39.699 [main] INFO  com.intuit.karate - [print] ✅ All product companyNames match companies list 
14:59:39.699 [main] INFO  com.intuit.karate - [print] 🎉 Data relationship validation passed! 
14:59:39.715 [main] INFO  com.intuit.karate - [print] Extracted Company IDs: [
  3,
  1,
  2,
  9,
  4,
  10,
  6,
  5,
  7,
  8
]
 
14:59:39.716 [main] INFO  com.intuit.karate - [print] Company Lookup Map: {
  "3": "Billa",
  "1": "Kaufland",
  "2": "Lidl",
  "9": "Tech Solutions Ltd",
  "4": "Test Company Ltd",
  "10": "asdsa",
  "6": "sadad",
  "5": "sadad",
  "7": "sadadasdsa",
  "8": "sadadasdsa"
}
 
14:59:39.748 [main] INFO  com.intuit.karate - [print] Validating data relationships between companies and products... 
14:59:39.749 [main] INFO  com.intuit.karate - [print] ✅ All product companyIds exist in companies list 
14:59:39.750 [main] INFO  com.intuit.karate - [print] ✅ All product companyNames match companies list 
14:59:39.750 [main] INFO  com.intuit.karate - [print] 🎉 Data relationship validation passed! 
---------------------------------------------------------
feature: classpath:features/main-test-suite.feature
scenarios:  4 | passed:  4 | failed:  0 | time: 0.8537
---------------------------------------------------------

]]></system-out>
  </testcase>
</testsuite>